{"context":"NestFactory","level":"info","message":"Starting Nest application...","timestamp":"2025-02-16T12:22:28.531Z"}
{"context":"InstanceLoader","level":"info","message":"AppModule dependencies initialized","timestamp":"2025-02-16T12:22:28.547Z"}
{"context":"InstanceLoader","level":"info","message":"ThrottlerModule dependencies initialized","timestamp":"2025-02-16T12:22:28.548Z"}
{"context":"InstanceLoader","level":"info","message":"ConfigHostModule dependencies initialized","timestamp":"2025-02-16T12:22:28.549Z"}
{"context":"InstanceLoader","level":"info","message":"WinstonModule dependencies initialized","timestamp":"2025-02-16T12:22:28.549Z"}
{"context":"InstanceLoader","level":"info","message":"UsersModule dependencies initialized","timestamp":"2025-02-16T12:22:28.550Z"}
{"context":"InstanceLoader","level":"info","message":"ConfigModule dependencies initialized","timestamp":"2025-02-16T12:22:28.550Z"}
{"context":"RoutesResolver","level":"info","message":"UsersController {/api/users}:","timestamp":"2025-02-16T12:22:28.957Z"}
{"context":"RouterExplorer","level":"info","message":"Mapped {/api/users, GET} route","timestamp":"2025-02-16T12:22:28.961Z"}
{"context":"NestApplication","level":"info","message":"Nest application successfully started","timestamp":"2025-02-16T12:22:28.965Z"}
{"context":"UsersController","level":"info","message":"Requisição para listar todos os usuários","timestamp":"2025-02-16T13:13:22.630Z"}
{"context":"UsersService","level":"info","message":"Buscando todos os usuários","timestamp":"2025-02-16T13:13:22.631Z"}
{"context":"HTTP","ip":"::ffff:127.0.0.1","level":"info","method":"GET","responseTime":"244ms","statusCode":200,"timestamp":"2025-02-16T13:13:22.874Z","url":"/api/users","userAgent":"node"}
{"context":"UsersController","level":"info","message":"Requisição para listar todos os usuários","timestamp":"2025-02-16T13:13:37.629Z"}
{"context":"UsersService","level":"info","message":"Buscando todos os usuários","timestamp":"2025-02-16T13:13:37.630Z"}
{"context":"HTTP","ip":"::ffff:127.0.0.1","level":"info","method":"GET","responseTime":"55ms","statusCode":200,"timestamp":"2025-02-16T13:13:37.685Z","url":"/api/users","userAgent":"node"}
{"context":"UsersController","level":"info","message":"Requisição para listar todos os usuários","timestamp":"2025-02-16T13:13:52.944Z"}
{"context":"UsersService","level":"info","message":"Buscando todos os usuários","timestamp":"2025-02-16T13:13:52.945Z"}
{"context":"HTTP","ip":"::ffff:127.0.0.1","level":"info","method":"GET","responseTime":"71ms","statusCode":200,"timestamp":"2025-02-16T13:13:53.016Z","url":"/api/users","userAgent":"node"}
{"context":"NestFactory","level":"info","message":"Starting Nest application...","timestamp":"2025-02-17T00:31:08.186Z"}
{"context":"InstanceLoader","level":"info","message":"AppModule dependencies initialized","timestamp":"2025-02-17T00:31:08.228Z"}
{"context":"InstanceLoader","level":"info","message":"ThrottlerModule dependencies initialized","timestamp":"2025-02-17T00:31:08.230Z"}
{"context":"InstanceLoader","level":"info","message":"ConfigHostModule dependencies initialized","timestamp":"2025-02-17T00:31:08.232Z"}
{"context":"InstanceLoader","level":"info","message":"WinstonModule dependencies initialized","timestamp":"2025-02-17T00:31:08.233Z"}
{"context":"InstanceLoader","level":"info","message":"UsersModule dependencies initialized","timestamp":"2025-02-17T00:31:08.234Z"}
{"context":"InstanceLoader","level":"info","message":"ConfigModule dependencies initialized","timestamp":"2025-02-17T00:31:08.236Z"}
{"context":"RoutesResolver","level":"info","message":"UsersController {/api/users}:","timestamp":"2025-02-17T00:31:09.340Z"}
{"context":"RouterExplorer","level":"info","message":"Mapped {/api/users, GET} route","timestamp":"2025-02-17T00:31:09.345Z"}
{"context":"NestApplication","level":"info","message":"Nest application successfully started","timestamp":"2025-02-17T00:31:09.351Z"}
{"context":"UsersController","level":"info","message":"Requisição para listar todos os usuários","timestamp":"2025-02-17T00:31:16.032Z"}
{"context":"UsersService","level":"info","message":"Buscando todos os usuários","timestamp":"2025-02-17T00:31:16.033Z"}
{"context":"HTTP","ip":"::ffff:127.0.0.1","level":"info","method":"GET","responseTime":"415ms","statusCode":200,"timestamp":"2025-02-17T00:31:16.447Z","url":"/api/users","userAgent":"node"}
{"context":"NestFactory","level":"info","message":"Starting Nest application...","timestamp":"2025-02-17T00:31:50.904Z"}
{"context":"InstanceLoader","level":"info","message":"AppModule dependencies initialized","timestamp":"2025-02-17T00:31:50.922Z"}
{"context":"InstanceLoader","level":"info","message":"ThrottlerModule dependencies initialized","timestamp":"2025-02-17T00:31:50.923Z"}
{"context":"InstanceLoader","level":"info","message":"ConfigHostModule dependencies initialized","timestamp":"2025-02-17T00:31:50.923Z"}
{"context":"InstanceLoader","level":"info","message":"WinstonModule dependencies initialized","timestamp":"2025-02-17T00:31:50.924Z"}
{"context":"InstanceLoader","level":"info","message":"UsersModule dependencies initialized","timestamp":"2025-02-17T00:31:50.924Z"}
{"context":"InstanceLoader","level":"info","message":"ConfigModule dependencies initialized","timestamp":"2025-02-17T00:31:50.925Z"}
{"context":"RoutesResolver","level":"info","message":"UsersController {/api/users}:","timestamp":"2025-02-17T00:31:51.152Z"}
{"context":"RouterExplorer","level":"info","message":"Mapped {/api/users, GET} route","timestamp":"2025-02-17T00:31:51.155Z"}
{"context":"NestApplication","level":"info","message":"Nest application successfully started","timestamp":"2025-02-17T00:31:51.159Z"}
{"context":"NestFactory","level":"info","message":"Starting Nest application...","timestamp":"2025-02-17T00:35:48.084Z"}
{"context":"InstanceLoader","level":"info","message":"AppModule dependencies initialized","timestamp":"2025-02-17T00:35:48.099Z"}
{"context":"InstanceLoader","level":"info","message":"ThrottlerModule dependencies initialized","timestamp":"2025-02-17T00:35:48.100Z"}
{"context":"InstanceLoader","level":"info","message":"ConfigHostModule dependencies initialized","timestamp":"2025-02-17T00:35:48.101Z"}
{"context":"InstanceLoader","level":"info","message":"WinstonModule dependencies initialized","timestamp":"2025-02-17T00:35:48.101Z"}
{"context":"InstanceLoader","level":"info","message":"UsersModule dependencies initialized","timestamp":"2025-02-17T00:35:48.102Z"}
{"context":"InstanceLoader","level":"info","message":"ConfigModule dependencies initialized","timestamp":"2025-02-17T00:35:48.102Z"}
{"context":"RoutesResolver","level":"info","message":"UsersController {/api/users}:","timestamp":"2025-02-17T00:35:48.344Z"}
{"context":"RouterExplorer","level":"info","message":"Mapped {/api/users, GET} route","timestamp":"2025-02-17T00:35:48.348Z"}
{"context":"NestApplication","level":"info","message":"Nest application successfully started","timestamp":"2025-02-17T00:35:48.351Z"}
{"context":"NestFactory","level":"info","message":"Starting Nest application...","timestamp":"2025-02-17T00:36:31.288Z"}
{"context":"InstanceLoader","level":"info","message":"AppModule dependencies initialized","timestamp":"2025-02-17T00:36:31.303Z"}
{"context":"InstanceLoader","level":"info","message":"ThrottlerModule dependencies initialized","timestamp":"2025-02-17T00:36:31.305Z"}
{"context":"InstanceLoader","level":"info","message":"ConfigHostModule dependencies initialized","timestamp":"2025-02-17T00:36:31.305Z"}
{"context":"InstanceLoader","level":"info","message":"WinstonModule dependencies initialized","timestamp":"2025-02-17T00:36:31.306Z"}
{"context":"InstanceLoader","level":"info","message":"UsersModule dependencies initialized","timestamp":"2025-02-17T00:36:31.306Z"}
{"context":"InstanceLoader","level":"info","message":"ConfigModule dependencies initialized","timestamp":"2025-02-17T00:36:31.307Z"}
{"context":"RoutesResolver","level":"info","message":"UsersController {/api/users}:","timestamp":"2025-02-17T00:36:31.567Z"}
{"context":"RouterExplorer","level":"info","message":"Mapped {/api/users, GET} route","timestamp":"2025-02-17T00:36:31.572Z"}
{"context":"NestApplication","level":"info","message":"Nest application successfully started","timestamp":"2025-02-17T00:36:31.576Z"}
{"context":"UsersController","level":"info","message":"Requisição para listar todos os usuários","timestamp":"2025-02-17T00:37:21.567Z"}
{"context":"UsersService","level":"info","message":"Buscando todos os usuários","timestamp":"2025-02-17T00:37:21.568Z"}
{"context":"HTTP","ip":"::ffff:127.0.0.1","level":"info","method":"GET","responseTime":"276ms","statusCode":200,"timestamp":"2025-02-17T00:37:21.843Z","url":"/api/users","userAgent":"node"}
{"context":"NestFactory","level":"info","message":"Starting Nest application...","timestamp":"2025-02-17T00:48:21.097Z"}
{"context":"InstanceLoader","level":"info","message":"AppModule dependencies initialized","timestamp":"2025-02-17T00:48:21.113Z"}
{"context":"InstanceLoader","level":"info","message":"ThrottlerModule dependencies initialized","timestamp":"2025-02-17T00:48:21.114Z"}
{"context":"InstanceLoader","level":"info","message":"ConfigHostModule dependencies initialized","timestamp":"2025-02-17T00:48:21.115Z"}
{"context":"InstanceLoader","level":"info","message":"WinstonModule dependencies initialized","timestamp":"2025-02-17T00:48:21.115Z"}
{"context":"InstanceLoader","level":"info","message":"UsersModule dependencies initialized","timestamp":"2025-02-17T00:48:21.116Z"}
{"context":"InstanceLoader","level":"info","message":"ConfigModule dependencies initialized","timestamp":"2025-02-17T00:48:21.116Z"}
{"context":"RoutesResolver","level":"info","message":"UsersController {/api/users}:","timestamp":"2025-02-17T00:48:21.411Z"}
{"context":"RouterExplorer","level":"info","message":"Mapped {/api/users, GET} route","timestamp":"2025-02-17T00:48:21.416Z"}
{"context":"NestApplication","level":"info","message":"Nest application successfully started","timestamp":"2025-02-17T00:48:21.419Z"}
{"context":"NestFactory","level":"info","message":"Starting Nest application...","timestamp":"2025-02-17T00:51:43.387Z"}
{"context":"InstanceLoader","level":"info","message":"AppModule dependencies initialized","timestamp":"2025-02-17T00:51:43.402Z"}
{"context":"InstanceLoader","level":"info","message":"ThrottlerModule dependencies initialized","timestamp":"2025-02-17T00:51:43.403Z"}
{"context":"InstanceLoader","level":"info","message":"ConfigHostModule dependencies initialized","timestamp":"2025-02-17T00:51:43.404Z"}
{"context":"InstanceLoader","level":"info","message":"WinstonModule dependencies initialized","timestamp":"2025-02-17T00:51:43.404Z"}
{"context":"InstanceLoader","level":"info","message":"UsersModule dependencies initialized","timestamp":"2025-02-17T00:51:43.405Z"}
{"context":"InstanceLoader","level":"info","message":"ConfigModule dependencies initialized","timestamp":"2025-02-17T00:51:43.405Z"}
{"context":"RoutesResolver","level":"info","message":"UsersController {/api/users}:","timestamp":"2025-02-17T00:51:43.626Z"}
{"context":"RouterExplorer","level":"info","message":"Mapped {/api/users, GET} route","timestamp":"2025-02-17T00:51:43.630Z"}
{"context":"NestApplication","level":"info","message":"Nest application successfully started","timestamp":"2025-02-17T00:51:43.633Z"}
{"context":"NestFactory","level":"info","message":"Starting Nest application...","timestamp":"2025-02-17T01:00:03.570Z"}
{"context":"InstanceLoader","level":"info","message":"AppModule dependencies initialized","timestamp":"2025-02-17T01:00:03.598Z"}
{"context":"InstanceLoader","level":"info","message":"ThrottlerModule dependencies initialized","timestamp":"2025-02-17T01:00:03.599Z"}
{"context":"InstanceLoader","level":"info","message":"ConfigHostModule dependencies initialized","timestamp":"2025-02-17T01:00:03.600Z"}
{"context":"InstanceLoader","level":"info","message":"WinstonModule dependencies initialized","timestamp":"2025-02-17T01:00:03.600Z"}
{"context":"InstanceLoader","level":"info","message":"UsersModule dependencies initialized","timestamp":"2025-02-17T01:00:03.601Z"}
{"context":"InstanceLoader","level":"info","message":"ConfigModule dependencies initialized","timestamp":"2025-02-17T01:00:03.602Z"}
{"context":"RoutesResolver","level":"info","message":"UsersController {/api/users}:","timestamp":"2025-02-17T01:00:04.003Z"}
{"context":"RouterExplorer","level":"info","message":"Mapped {/api/users, GET} route","timestamp":"2025-02-17T01:00:04.010Z"}
{"context":"NestApplication","level":"info","message":"Nest application successfully started","timestamp":"2025-02-17T01:00:04.014Z"}
{"context":"NestFactory","level":"info","message":"Starting Nest application...","timestamp":"2025-02-17T01:29:58.048Z"}
{"context":"InstanceLoader","level":"info","message":"AppModule dependencies initialized","timestamp":"2025-02-17T01:29:58.064Z"}
{"context":"InstanceLoader","level":"info","message":"ThrottlerModule dependencies initialized","timestamp":"2025-02-17T01:29:58.065Z"}
{"context":"InstanceLoader","level":"info","message":"ConfigHostModule dependencies initialized","timestamp":"2025-02-17T01:29:58.069Z"}
{"context":"InstanceLoader","level":"info","message":"WinstonModule dependencies initialized","timestamp":"2025-02-17T01:29:58.070Z"}
{"context":"InstanceLoader","level":"info","message":"UsersModule dependencies initialized","timestamp":"2025-02-17T01:29:58.070Z"}
{"context":"InstanceLoader","level":"info","message":"ConfigModule dependencies initialized","timestamp":"2025-02-17T01:29:58.071Z"}
{"context":"RoutesResolver","level":"info","message":"UsersController {/api/users}:","timestamp":"2025-02-17T01:29:58.294Z"}
{"context":"RouterExplorer","level":"info","message":"Mapped {/api/users, GET} route","timestamp":"2025-02-17T01:29:58.297Z"}
{"context":"NestApplication","level":"info","message":"Nest application successfully started","timestamp":"2025-02-17T01:29:58.301Z"}
{"context":"NestFactory","level":"info","message":"Starting Nest application...","timestamp":"2025-02-17T01:33:14.295Z"}
{"context":"InstanceLoader","level":"info","message":"AppModule dependencies initialized","timestamp":"2025-02-17T01:33:14.312Z"}
{"context":"InstanceLoader","level":"info","message":"ThrottlerModule dependencies initialized","timestamp":"2025-02-17T01:33:14.313Z"}
{"context":"InstanceLoader","level":"info","message":"ConfigHostModule dependencies initialized","timestamp":"2025-02-17T01:33:14.313Z"}
{"context":"InstanceLoader","level":"info","message":"WinstonModule dependencies initialized","timestamp":"2025-02-17T01:33:14.314Z"}
{"context":"InstanceLoader","level":"info","message":"UsersModule dependencies initialized","timestamp":"2025-02-17T01:33:14.314Z"}
{"context":"InstanceLoader","level":"info","message":"ConfigModule dependencies initialized","timestamp":"2025-02-17T01:33:14.315Z"}
{"context":"RoutesResolver","level":"info","message":"UsersController {/api/users}:","timestamp":"2025-02-17T01:33:14.530Z"}
{"context":"RouterExplorer","level":"info","message":"Mapped {/api/users, GET} route","timestamp":"2025-02-17T01:33:14.534Z"}
{"context":"NestApplication","level":"info","message":"Nest application successfully started","timestamp":"2025-02-17T01:33:14.537Z"}
{"context":"NestFactory","level":"info","message":"Starting Nest application...","timestamp":"2025-02-17T01:41:00.695Z"}
{"context":"InstanceLoader","level":"info","message":"AppModule dependencies initialized","timestamp":"2025-02-17T01:41:00.711Z"}
{"context":"InstanceLoader","level":"info","message":"ThrottlerModule dependencies initialized","timestamp":"2025-02-17T01:41:00.712Z"}
{"context":"InstanceLoader","level":"info","message":"ConfigHostModule dependencies initialized","timestamp":"2025-02-17T01:41:00.713Z"}
{"context":"InstanceLoader","level":"info","message":"WinstonModule dependencies initialized","timestamp":"2025-02-17T01:41:00.713Z"}
{"context":"InstanceLoader","level":"info","message":"UsersModule dependencies initialized","timestamp":"2025-02-17T01:41:00.714Z"}
{"context":"InstanceLoader","level":"info","message":"ConfigModule dependencies initialized","timestamp":"2025-02-17T01:41:00.714Z"}
{"context":"RoutesResolver","level":"info","message":"UsersController {/api/users}:","timestamp":"2025-02-17T01:41:00.941Z"}
{"context":"RouterExplorer","level":"info","message":"Mapped {/api/users, GET} route","timestamp":"2025-02-17T01:41:00.946Z"}
{"context":"NestApplication","level":"info","message":"Nest application successfully started","timestamp":"2025-02-17T01:41:00.950Z"}
